error[E0308]: mismatched types
 --> $DIR/simple_imply.rs:5:15
  |
5 | #[requires="  12345 ==> true"]
  |               ^^^^^ expected bool, found integral variable
  |
  = note: expected type `bool`
             found type `{integer}`

error[E0308]: mismatched types
 --> $DIR/simple_imply.rs:8:30
  |
8 | #[requires="  true      ==>  12345 "]
  |                              ^^^^^ expected bool, found integral variable
  |
  = note: expected type `bool`
             found type `{integer}`

error[E0308]: mismatched types
  --> $DIR/simple_imply.rs:11:35
   |
11 | #[requires="  true  ==>  (true && 12345 && true)"]
   |                                   ^^^^^ expected bool, found integral variable
   |
   = note: expected type `bool`
              found type `{integer}`

error[E0308]: mismatched types
  --> $DIR/simple_imply.rs:14:35
   |
14 | #[requires="  true  ==>  (true && 12345 ==> true)"]
   |                                   ^^^^^ expected bool, found integral variable
   |
   = note: expected type `bool`
              found type `{integer}`

error[E0308]: mismatched types
  --> $DIR/simple_imply.rs:17:35
   |
17 | #[requires="  true  ==>  (true && 12345 ==> true && 12345)"]
   |                                   ^^^^^ expected bool, found integral variable
   |
   = note: expected type `bool`
              found type `{integer}`

error[E0308]: mismatched types
  --> $DIR/simple_imply.rs:17:53
   |
17 | #[requires="  true  ==>  (true && 12345 ==> true && 12345)"]
   |                                                     ^^^^^ expected bool, found integral variable
   |
   = note: expected type `bool`
              found type `{integer}`

error: aborting due to 6 previous errors

For more information about this error, try `rustc --explain E0308`.
